<?xml version="1.0" encoding="UTF-8"?>
<!-- Generated by org.testng.reporters.JUnitReportReporter -->
<testsuite hostname="DESKTOP-0BGV61L" failures="0" tests="1" name="getRequest.GetData" time="3.547" errors="0" timestamp="2022-08-07T22:54:11 BST" skipped="0">
  <testcase classname="getRequest.GetData" name="testGetAllMethod" time="3.547"/>
  <system-out/>
</testsuite> <!-- getRequest.GetData -->
