<?xml version="1.0" encoding="UTF-8"?>
<!-- Generated by org.testng.reporters.JUnitReportReporter -->
<testsuite hostname="DESKTOP-0BGV61L" failures="0" tests="5" name="getRequest.TestProductCatalogue" time="9.515" errors="0" timestamp="2022-08-07T23:38:08 BST" skipped="0">
  <testcase classname="getRequest.TestProductCatalogue" name="testPostMethod" time="1.340"/>
  <system-out/>
  <testcase classname="getRequest.TestProductCatalogue" name="testGetMethod" time="0.611"/>
  <system-out/>
  <testcase classname="getRequest.TestProductCatalogue" name="testDeletetMethod" time="3.825"/>
  <system-out/>
  <testcase classname="getRequest.TestProductCatalogue" name="testGetAllMethod" time="1.938"/>
  <system-out/>
  <testcase classname="getRequest.TestProductCatalogue" name="testPutMethod" time="1.801"/>
  <system-out/>
</testsuite> <!-- getRequest.TestProductCatalogue -->
