<?xml version="1.0" encoding="UTF-8"?>
<!-- Generated by org.testng.reporters.JUnitReportReporter -->
<testsuite hostname="DESKTOP-0BGV61L" failures="0" tests="5" name="getRequest.ProductCatalogue" time="5.963" errors="0" timestamp="2022-08-15T02:21:32 BST" skipped="0">
  <testcase classname="getRequest.ProductCatalogue" name="getSingleProduct" time="0.282"/>
  <system-out/>
  <testcase classname="getRequest.ProductCatalogue" name="putProduct" time="0.275"/>
  <system-out/>
  <testcase classname="getRequest.ProductCatalogue" name="postProduct" time="0.378"/>
  <system-out/>
  <testcase classname="getRequest.ProductCatalogue" name="deletetProduct" time="4.612"/>
  <system-out/>
  <testcase classname="getRequest.ProductCatalogue" name="getAllProducts" time="0.416"/>
  <system-out/>
</testsuite> <!-- getRequest.ProductCatalogue -->
